Copyright 1986-2022 Xilinx, Inc. All Rights Reserved. Copyright 2022-2024 Advanced Micro Devices, Inc. All Rights Reserved.
---------------------------------------------------------------------------------------------------------------------------------------------
| Tool Version : Vivado v.2024.2 (win64) Build 5239630 Fri Nov 08 22:35:27 MST 2024
| Date         : Wed Feb  4 00:14:26 2026
| Host         : C27-5CG3121F3M running 64-bit major release  (build 9200)
| Command      : report_control_sets -verbose -file lab1_control_sets_placed.rpt
| Design       : lab1
| Device       : xc7a200t
---------------------------------------------------------------------------------------------------------------------------------------------

Control Set Information

Table of Contents
-----------------
1. Summary
2. Histogram
3. Flip-Flop Distribution
4. Detailed Control Set Information

1. Summary
----------

+----------------------------------------------------------+-------+
|                          Status                          | Count |
+----------------------------------------------------------+-------+
| Total control sets                                       |     9 |
|    Minimum number of control sets                        |     9 |
|    Addition due to synthesis replication                 |     0 |
|    Addition due to physical synthesis replication        |     0 |
| Unused register locations in slices containing registers |    32 |
+----------------------------------------------------------+-------+
* Control sets can be merged at opt_design using control_set_merge or merge_equivalent_drivers
** Run report_qor_suggestions for automated merging and remapping suggestions


2. Histogram
------------

+--------------------+-------+
|       Fanout       | Count |
+--------------------+-------+
| Total control sets |     9 |
| >= 0 to < 4        |     0 |
| >= 4 to < 6        |     4 |
| >= 6 to < 8        |     0 |
| >= 8 to < 10       |     0 |
| >= 10 to < 12      |     2 |
| >= 12 to < 14      |     0 |
| >= 14 to < 16      |     0 |
| >= 16              |     3 |
+--------------------+-------+
* Control sets can be remapped at either synth_design or opt_design


3. Flip-Flop Distribution
-------------------------

+--------------+-----------------------+------------------------+-----------------+--------------+
| Clock Enable | Synchronous Set/Reset | Asynchronous Set/Reset | Total Registers | Total Slices |
+--------------+-----------------------+------------------------+-----------------+--------------+
| No           | No                    | No                     |              40 |            9 |
| No           | No                    | Yes                    |               0 |            0 |
| No           | Yes                   | No                     |              46 |           15 |
| Yes          | No                    | No                     |               0 |            0 |
| Yes          | No                    | Yes                    |               0 |            0 |
| Yes          | Yes                   | No                     |              10 |            3 |
+--------------+-----------------------+------------------------+-----------------+--------------+


4. Detailed Control Set Information
-----------------------------------

+--------------------------------------------------------+--------------------------------------------------+--------------------------------------------------------------------+------------------+----------------+--------------+
|                      Clock Signal                      |                   Enable Signal                  |                          Set/Reset Signal                          | Slice Load Count | Bel Load Count | Bels / Slice |
+--------------------------------------------------------+--------------------------------------------------+--------------------------------------------------------------------+------------------+----------------+--------------+
|  video_inst/mmcm_adv_inst_display_clocks/inst/clk_out2 |                                                  | video_inst/inst_dvid/shift_red[7]_i_1_n_0                          |                2 |              5 |         2.50 |
|  video_inst/mmcm_adv_inst_display_clocks/inst/clk_out2 |                                                  | video_inst/inst_dvid/shift_red[9]_i_1_n_0                          |                3 |              5 |         1.67 |
|  video_inst/mmcm_adv_inst_display_clocks/inst/clk_out2 |                                                  | video_inst/inst_dvid/shift_green[7]_i_1_n_0                        |                2 |              5 |         2.50 |
|  video_inst/mmcm_adv_inst_display_clocks/inst/clk_out2 |                                                  | video_inst/inst_dvid/shift_blue[7]_i_1_n_0                         |                2 |              5 |         2.50 |
|  video_inst/mmcm_adv_inst_display_clocks/inst/clk_out1 |                                                  | video_inst/Inst_vga/vga_sig_gen/col_counter/processQ[9]_i_1__0_n_0 |                3 |             10 |         3.33 |
|  video_inst/mmcm_adv_inst_display_clocks/inst/clk_out1 | video_inst/Inst_vga/vga_sig_gen/col_counter/E[0] | video_inst/Inst_vga/vga_sig_gen/row_counter/processQ[9]_i_1_n_0    |                3 |             10 |         3.33 |
|  video_inst/mmcm_adv_inst_display_clocks/inst/clk_out1 |                                                  | video_inst/Inst_vga/vga_sig_gen/vga_signal[blank]                  |                3 |             16 |         5.33 |
|  video_inst/mmcm_adv_inst_display_clocks/inst/clk_out2 |                                                  |                                                                    |                4 |             19 |         4.75 |
|  video_inst/mmcm_adv_inst_display_clocks/inst/clk_out1 |                                                  |                                                                    |                5 |             21 |         4.20 |
+--------------------------------------------------------+--------------------------------------------------+--------------------------------------------------------------------+------------------+----------------+--------------+


